time="2025-12-23T00:39:14+02:00" level=warning msg="/root/git/competitive-intelligence/docker-compose.dev.yml: `version` is obsolete"
 postgres Pulling 
 redis Pulling 
 rabbitmq Pulling 
 2d35ebdb57d9 Pulling fs layer 
 7f4fe0a74327 Pulling fs layer 
 fe0979840307 Pulling fs layer 
 5541f4a1e9a3 Pulling fs layer 
 f7900ae6286e Pulling fs layer 
 64a815d19254 Pulling fs layer 
 5a8ebb2679b2 Pulling fs layer 
 3fdf1da6c087 Pulling fs layer 
 3c428bdb4834 Pulling fs layer 
 9ab46c560811 Pulling fs layer 
 5a8ebb2679b2 Waiting 
 5541f4a1e9a3 Waiting 
 f7900ae6286e Waiting 
 3fdf1da6c087 Waiting 
 64a815d19254 Waiting 
 3c428bdb4834 Waiting 
 9ab46c560811 Waiting 
 1074353eec0d Pulling fs layer 
 d2e5feb410e8 Pulling fs layer 
 ff7ac73e977d Pulling fs layer 
 25fbe13bb576 Pulling fs layer 
 060e3656c186 Pulling fs layer 
 9fa3a17171bc Pulling fs layer 
 1de01a2b564f Pulling fs layer 
 ff7ac73e977d Waiting 
 141979064465 Pulling fs layer 
 25fbe13bb576 Waiting 
 060e3656c186 Waiting 
 1074353eec0d Waiting 
 86a96880bc80 Pulling fs layer 
 9fa3a17171bc Waiting 
 1de01a2b564f Waiting 
 141979064465 Waiting 
 d2e5feb410e8 Waiting 
 c5fd49a04d70 Pulling fs layer 
 86a96880bc80 Waiting 
 9bb1b164157a Pulling fs layer 
 c5fd49a04d70 Waiting 
 9bb1b164157a Waiting 
 f637881d1138 Pulling fs layer 
 60c57c0072ef Pulling fs layer 
 fc4343b4accd Pulling fs layer 
 380e8aa8b1fd Pulling fs layer 
 f637881d1138 Waiting 
 c70aae7b5e0d Pulling fs layer 
 232f7549c9b0 Pulling fs layer 
 60c57c0072ef Waiting 
 4f4fb700ef54 Pulling fs layer 
 fc4343b4accd Waiting 
 d75b3becd998 Pulling fs layer 
 380e8aa8b1fd Waiting 
 c70aae7b5e0d Waiting 
 232f7549c9b0 Waiting 
 4f4fb700ef54 Waiting 
 d75b3becd998 Waiting 
 2d35ebdb57d9 Downloading [>                                                  ]  39.28kB/3.802MB
 2d35ebdb57d9 Downloading [===>                                               ]    278kB/3.802MB
 7f4fe0a74327 Downloading [>                                                  ]  405.5kB/39.74MB
 fe0979840307 Downloading [>                                                  ]  78.22kB/7.599MB
 2d35ebdb57d9 Downloading [=============>                                     ]  1.016MB/3.802MB
 7f4fe0a74327 Downloading [=>                                                 ]  806.6kB/39.74MB
 fe0979840307 Downloading [===>                                               ]  557.1kB/7.599MB
 2d35ebdb57d9 Downloading [===================>                               ]  1.507MB/3.802MB
 7f4fe0a74327 Downloading [=>                                                 ]  1.216MB/39.74MB
 fe0979840307 Downloading [=========>                                         ]  1.453MB/7.599MB
 2d35ebdb57d9 Downloading [========================>                          ]  1.851MB/3.802MB
 7f4fe0a74327 Downloading [==>                                                ]  1.626MB/39.74MB
 fe0979840307 Downloading [============>                                      ]  1.941MB/7.599MB
 2d35ebdb57d9 Downloading [=============================>                     ]  2.245MB/3.802MB
 7f4fe0a74327 Downloading [==>                                                ]  2.035MB/39.74MB
 fe0979840307 Downloading [===============>                                   ]   2.35MB/7.599MB
 2d35ebdb57d9 Downloading [==================================>                ]  2.638MB/3.802MB
 7f4fe0a74327 Downloading [===>                                               ]  2.445MB/39.74MB
 2d35ebdb57d9 Downloading [=======================================>           ]  3.031MB/3.802MB
 fe0979840307 Downloading [==================>                                ]   2.76MB/7.599MB
 2d35ebdb57d9 Downloading [=============================================>     ]  3.424MB/3.802MB
 fe0979840307 Downloading [====================>                              ]  3.088MB/7.599MB
 7f4fe0a74327 Downloading [====>                                              ]  3.264MB/39.74MB
 2d35ebdb57d9 Verifying Checksum 
 2d35ebdb57d9 Download complete 
 2d35ebdb57d9 Extracting [>                                                  ]  65.54kB/3.802MB
 fe0979840307 Downloading [======================>                            ]  3.415MB/7.599MB
 7f4fe0a74327 Downloading [=====>                                             ]  4.083MB/39.74MB
 2d35ebdb57d9 Extracting [============>                                      ]    983kB/3.802MB
 fe0979840307 Downloading [=========================>                         ]  3.907MB/7.599MB
 2d35ebdb57d9 Extracting [======================>                            ]  1.704MB/3.802MB
 fe0979840307 Downloading [==============================>                    ]  4.571MB/7.599MB
 7f4fe0a74327 Downloading [======>                                            ]  4.899MB/39.74MB
 2d35ebdb57d9 Extracting [=============================================>     ]  3.473MB/3.802MB
 fe0979840307 Downloading [==================================>                ]  5.308MB/7.599MB
 2d35ebdb57d9 Extracting [==================================================>]  3.802MB/3.802MB
 2d35ebdb57d9 Pull complete 
 fe0979840307 Downloading [=======================================>           ]  5.964MB/7.599MB
 7f4fe0a74327 Downloading [=======>                                           ]  5.714MB/39.74MB
 fe0979840307 Downloading [===========================================>       ]  6.623MB/7.599MB
 7f4fe0a74327 Downloading [========>                                          ]  6.533MB/39.74MB
 5541f4a1e9a3 Downloading [>                                                  ]  24.22kB/2.374MB
 fe0979840307 Downloading [===============================================>   ]  7.286MB/7.599MB
 5541f4a1e9a3 Downloading [===============>                                   ]  716.8kB/2.374MB
 fe0979840307 Downloading [=================================================> ]   7.45MB/7.599MB
 fe0979840307 Verifying Checksum 
 fe0979840307 Download complete 
 5541f4a1e9a3 Downloading [===========================>                       ]  1.311MB/2.374MB
 5541f4a1e9a3 Verifying Checksum 
 5541f4a1e9a3 Download complete 
 7f4fe0a74327 Downloading [========>                                          ]  6.943MB/39.74MB
 7f4fe0a74327 Downloading [=========>                                         ]  7.352MB/39.74MB
 7f4fe0a74327 Downloading [==========>                                        ]  8.581MB/39.74MB
 7f4fe0a74327 Downloading [============>                                      ]   9.81MB/39.74MB
 f7900ae6286e Downloading [>                                                  ]  189.8kB/18.76MB
 64a815d19254 Downloading [==================================================>]     193B/193B
 64a815d19254 Download complete 
 f7900ae6286e Downloading [=>                                                 ]  585.7kB/18.76MB
 7f4fe0a74327 Downloading [=============>                                     ]  11.04MB/39.74MB
 f7900ae6286e Downloading [=====>                                             ]  1.966MB/18.76MB
 f7900ae6286e Downloading [=======>                                           ]  2.949MB/18.76MB
 7f4fe0a74327 Downloading [==============>                                    ]  11.45MB/39.74MB
 f7900ae6286e Downloading [==========>                                        ]  3.932MB/18.76MB
 7f4fe0a74327 Downloading [==============>                                    ]  11.86MB/39.74MB
 f7900ae6286e Downloading [============>                                      ]  4.719MB/18.76MB
 7f4fe0a74327 Downloading [===============>                                   ]  12.68MB/39.74MB
 f7900ae6286e Downloading [==============>                                    ]  5.308MB/18.76MB
 5a8ebb2679b2 Download complete 
 f7900ae6286e Downloading [================>                                  ]  6.099MB/18.76MB
 7f4fe0a74327 Downloading [================>                                  ]   13.5MB/39.74MB
 f7900ae6286e Downloading [==================>                                ]  6.881MB/18.76MB
 f7900ae6286e Downloading [====================>                              ]  7.864MB/18.76MB
 7f4fe0a74327 Downloading [=================>                                 ]  13.91MB/39.74MB
 f7900ae6286e Downloading [=======================>                           ]  8.651MB/18.76MB
 7f4fe0a74327 Downloading [==================>                                ]  14.32MB/39.74MB
 f7900ae6286e Downloading [=========================>                         ]  9.436MB/18.76MB
 f7900ae6286e Downloading [===========================>                       ]  10.24MB/18.76MB
 7f4fe0a74327 Downloading [===================>                               ]  15.14MB/39.74MB
 3fdf1da6c087 Downloading [==================================================>]     616B/616B
 3fdf1da6c087 Verifying Checksum 
 3fdf1da6c087 Download complete 
 f7900ae6286e Downloading [=============================>                     ]  11.02MB/18.76MB
 7f4fe0a74327 Downloading [===================>                               ]  15.55MB/39.74MB
 f7900ae6286e Downloading [================================>                  ]  12.01MB/18.76MB
 7f4fe0a74327 Downloading [====================>                              ]  15.96MB/39.74MB
 f7900ae6286e Downloading [=================================>                 ]   12.6MB/18.76MB
 f7900ae6286e Downloading [===================================>               ]  13.38MB/18.76MB
 7f4fe0a74327 Downloading [=====================>                             ]  16.78MB/39.74MB
 f7900ae6286e Downloading [======================================>            ]  14.36MB/18.76MB
 7f4fe0a74327 Downloading [=====================>                             ]  17.19MB/39.74MB
 3c428bdb4834 Downloading [==================================================>]     830B/830B
 3c428bdb4834 Verifying Checksum 
 3c428bdb4834 Download complete 
 f7900ae6286e Downloading [========================================>          ]  15.34MB/18.76MB
 7f4fe0a74327 Downloading [======================>                            ]   17.6MB/39.74MB
 f7900ae6286e Downloading [===========================================>       ]  16.32MB/18.76MB
 7f4fe0a74327 Downloading [======================>                            ]  18.01MB/39.74MB
 f7900ae6286e Downloading [==============================================>    ]  17.31MB/18.76MB
 7f4fe0a74327 Downloading [=======================>                           ]  18.42MB/39.74MB
 f7900ae6286e Downloading [================================================>  ]  18.29MB/18.76MB
 f7900ae6286e Verifying Checksum 
 f7900ae6286e Download complete 
 7f4fe0a74327 Downloading [========================>                          ]  19.23MB/39.74MB
 7f4fe0a74327 Downloading [=========================>                         ]  20.46MB/39.74MB
 9ab46c560811 Downloading [>                                                  ]  139.5kB/13.71MB
 9ab46c560811 Downloading [===>                                               ]  868.4kB/13.71MB
 7f4fe0a74327 Downloading [==========================>                        ]  21.28MB/39.74MB
 9ab46c560811 Downloading [=========>                                         ]   2.63MB/13.71MB
 9ab46c560811 Downloading [=============>                                     ]  3.662MB/13.71MB
 9ab46c560811 Downloading [=================>                                 ]  4.698MB/13.71MB
 7f4fe0a74327 Downloading [===========================>                       ]  21.69MB/39.74MB
 1074353eec0d Downloading [>                                                  ]  39.28kB/3.86MB
 9ab46c560811 Downloading [====================>                              ]   5.73MB/13.71MB
 1074353eec0d Downloading [======>                                            ]  491.5kB/3.86MB
 9ab46c560811 Downloading [======================>                            ]  6.168MB/13.71MB
 1074353eec0d Downloading [===========>                                       ]  888.5kB/3.86MB
 9ab46c560811 Downloading [========================>                          ]  6.746MB/13.71MB
 1074353eec0d Downloading [=============================>                     ]   2.31MB/3.86MB
 7f4fe0a74327 Downloading [===========================>                       ]   22.1MB/39.74MB
 9ab46c560811 Downloading [==========================>                        ]  7.336MB/13.71MB
 1074353eec0d Downloading [======================================>            ]  2.998MB/3.86MB
 1074353eec0d Downloading [===============================================>   ]  3.686MB/3.86MB
 1074353eec0d Verifying Checksum 
 1074353eec0d Download complete 
 9ab46c560811 Downloading [============================>                      ]  7.778MB/13.71MB
 1074353eec0d Extracting [>                                                  ]  65.54kB/3.86MB
 7f4fe0a74327 Downloading [============================>                      ]  22.51MB/39.74MB
 9ab46c560811 Downloading [=============================>                     ]  8.224MB/13.71MB
 7f4fe0a74327 Downloading [============================>                      ]  22.92MB/39.74MB
 1074353eec0d Extracting [==========>                                        ]  786.4kB/3.86MB
 9ab46c560811 Downloading [===============================>                   ]  8.667MB/13.71MB
 7f4fe0a74327 Downloading [=============================>                     ]  23.73MB/39.74MB
 1074353eec0d Extracting [=================>                                 ]  1.376MB/3.86MB
 9ab46c560811 Downloading [=================================>                 ]  9.109MB/13.71MB
 7f4fe0a74327 Downloading [==============================>                    ]  24.55MB/39.74MB
 1074353eec0d Extracting [========================>                          ]  1.901MB/3.86MB
 9ab46c560811 Downloading [===================================>               ]  9.699MB/13.71MB
 1074353eec0d Extracting [================================>                  ]   2.49MB/3.86MB
 7f4fe0a74327 Downloading [===============================>                   ]  25.37MB/39.74MB
 9ab46c560811 Downloading [======================================>            ]  10.44MB/13.71MB
 1074353eec0d Extracting [============================================>      ]  3.408MB/3.86MB
 d2e5feb410e8 Downloading [=================================================> ]     954B/971B
 d2e5feb410e8 Downloading [==================================================>]     971B/971B
 d2e5feb410e8 Verifying Checksum 
 d2e5feb410e8 Download complete 
 1074353eec0d Extracting [==================================================>]   3.86MB/3.86MB
 1074353eec0d Extracting [==================================================>]   3.86MB/3.86MB
 9ab46c560811 Downloading [=========================================>         ]  11.33MB/13.71MB
 7f4fe0a74327 Downloading [================================>                  ]  26.19MB/39.74MB
 1074353eec0d Pull complete 
 d2e5feb410e8 Extracting [==================================================>]     971B/971B
 d2e5feb410e8 Extracting [==================================================>]     971B/971B
 d2e5feb410e8 Pull complete 
 9ab46c560811 Downloading [=============================================>     ]  12.35MB/13.71MB
 7f4fe0a74327 Downloading [=================================>                 ]   26.6MB/39.74MB
 9ab46c560811 Downloading [================================================>  ]  13.24MB/13.71MB
 9ab46c560811 Verifying Checksum 
 9ab46c560811 Download complete 
 7f4fe0a74327 Downloading [==================================>                ]  27.41MB/39.74MB
 7f4fe0a74327 Downloading [===================================>               ]  28.23MB/39.74MB
 ff7ac73e977d Downloading [>                                                  ]  10.53kB/922.9kB
 7f4fe0a74327 Downloading [====================================>              ]  29.05MB/39.74MB
 ff7ac73e977d Downloading [==================================================>]  922.9kB/922.9kB
 ff7ac73e977d Verifying Checksum 
 ff7ac73e977d Download complete 
 ff7ac73e977d Extracting [=>                                                 ]  32.77kB/922.9kB
 7f4fe0a74327 Downloading [======================================>            ]  30.28MB/39.74MB
 ff7ac73e977d Extracting [==================================================>]  922.9kB/922.9kB
 ff7ac73e977d Pull complete 
 7f4fe0a74327 Downloading [=======================================>           ]  31.51MB/39.74MB
 7f4fe0a74327 Downloading [=========================================>         ]  32.73MB/39.74MB
 25fbe13bb576 Downloading [==================================================>]     171B/171B
 25fbe13bb576 Verifying Checksum 
 25fbe13bb576 Download complete 
 25fbe13bb576 Extracting [==================================================>]     171B/171B
 25fbe13bb576 Extracting [==================================================>]     171B/171B
 25fbe13bb576 Pull complete 
 7f4fe0a74327 Downloading [==========================================>        ]  33.96MB/39.74MB
 7f4fe0a74327 Downloading [============================================>      ]  35.18MB/39.74MB
 060e3656c186 Downloading [==================================================>]     116B/116B
 060e3656c186 Download complete 
 060e3656c186 Extracting [==================================================>]     116B/116B
 060e3656c186 Extracting [==================================================>]     116B/116B
 7f4fe0a74327 Downloading [=============================================>     ]  36.41MB/39.74MB
 060e3656c186 Pull complete 
 7f4fe0a74327 Downloading [===============================================>   ]  37.62MB/39.74MB
 7f4fe0a74327 Downloading [================================================>  ]  38.85MB/39.74MB
 7f4fe0a74327 Download complete 
 9fa3a17171bc Downloading [>                                                  ]  540.7kB/104.3MB
 7f4fe0a74327 Extracting [>                                                  ]    426kB/39.74MB
 9fa3a17171bc Downloading [>                                                  ]  1.618MB/104.3MB
 7f4fe0a74327 Extracting [===>                                               ]  2.556MB/39.74MB
 9fa3a17171bc Downloading [=>                                                 ]  3.231MB/104.3MB
 7f4fe0a74327 Extracting [=====>                                             ]  4.686MB/39.74MB
 1de01a2b564f Downloading [=====>                                             ]     953B/9.446kB
 1de01a2b564f Downloading [==================================================>]  9.446kB/9.446kB
 1de01a2b564f Verifying Checksum 
 1de01a2b564f Download complete 
 7f4fe0a74327 Extracting [========>                                          ]  6.816MB/39.74MB
 9fa3a17171bc Downloading [==>                                                ]  4.846MB/104.3MB
 7f4fe0a74327 Extracting [===========>                                       ]  8.946MB/39.74MB
 9fa3a17171bc Downloading [===>                                               ]  6.468MB/104.3MB
 7f4fe0a74327 Extracting [=============>                                     ]  11.08MB/39.74MB
 141979064465 Downloading [==================================================>]     129B/129B
 141979064465 Verifying Checksum 
 141979064465 Download complete 
 9fa3a17171bc Downloading [===>                                               ]  7.533MB/104.3MB
 7f4fe0a74327 Extracting [================>                                  ]  13.21MB/39.74MB
 9fa3a17171bc Downloading [====>                                              ]  9.155MB/104.3MB
 7f4fe0a74327 Extracting [==================>                                ]  14.91MB/39.74MB
 7f4fe0a74327 Extracting [====================>                              ]  16.61MB/39.74MB
 9fa3a17171bc Downloading [=====>                                             ]  10.77MB/104.3MB
 86a96880bc80 Downloading [==================================================>]     168B/168B
 86a96880bc80 Verifying Checksum 
 86a96880bc80 Download complete 
 7f4fe0a74327 Extracting [=======================>                           ]  18.74MB/39.74MB
 9fa3a17171bc Downloading [=====>                                             ]  12.38MB/104.3MB
 7f4fe0a74327 Extracting [==========================>                        ]  20.87MB/39.74MB
 9fa3a17171bc Downloading [======>                                            ]     14MB/104.3MB
 c5fd49a04d70 Downloading [========>                                          ]     953B/5.839kB
 c5fd49a04d70 Download complete 
 7f4fe0a74327 Extracting [=============================>                     ]  23.43MB/39.74MB
 9fa3a17171bc Downloading [=======>                                           ]  15.61MB/104.3MB
 7f4fe0a74327 Extracting [================================>                  ]  25.56MB/39.74MB
 9fa3a17171bc Downloading [========>                                          ]  17.23MB/104.3MB
 7f4fe0a74327 Extracting [==================================>                ]  27.26MB/39.74MB
 9bb1b164157a Verifying Checksum 
 9bb1b164157a Download complete 
 7f4fe0a74327 Extracting [====================================>              ]  28.97MB/39.74MB
 9fa3a17171bc Downloading [=========>                                         ]  18.84MB/104.3MB
 7f4fe0a74327 Extracting [======================================>            ]  30.67MB/39.74MB
 9fa3a17171bc Downloading [=========>                                         ]  20.45MB/104.3MB
 7f4fe0a74327 Extracting [=========================================>         ]   32.8MB/39.74MB
 f637881d1138 Downloading [>                                                  ]  36.54kB/3.643MB
 9fa3a17171bc Downloading [==========>                                        ]  22.06MB/104.3MB
 7f4fe0a74327 Extracting [============================================>      ]  35.36MB/39.74MB
 f637881d1138 Downloading [=========>                                         ]  679.9kB/3.643MB
 7f4fe0a74327 Extracting [===============================================>   ]  37.91MB/39.74MB
 9fa3a17171bc Downloading [==========>                                        ]  22.59MB/104.3MB
 f637881d1138 Downloading [=====================>                             ]  1.565MB/3.643MB
 7f4fe0a74327 Extracting [==================================================>]  39.74MB/39.74MB
 60c57c0072ef Downloading [==================================================>]     947B/947B
 60c57c0072ef Verifying Checksum 
 60c57c0072ef Download complete 
 7f4fe0a74327 Pull complete 
 fe0979840307 Extracting [>                                                  ]   98.3kB/7.599MB
 f637881d1138 Downloading [==================================>                ]  2.543MB/3.643MB
 9fa3a17171bc Downloading [===========>                                       ]  23.12MB/104.3MB
 fe0979840307 Extracting [=====>                                             ]  884.7kB/7.599MB
 f637881d1138 Downloading [==============================================>    ]   3.42MB/3.643MB
 f637881d1138 Download complete 
 f637881d1138 Extracting [>                                                  ]  65.54kB/3.643MB
 fe0979840307 Extracting [============>                                      ]  1.868MB/7.599MB
 9fa3a17171bc Downloading [===========>                                       ]  23.66MB/104.3MB
 f637881d1138 Extracting [============>                                      ]  917.5kB/3.643MB
 fe0979840307 Extracting [====================>                              ]  3.047MB/7.599MB
 f637881d1138 Extracting [===================>                               ]  1.442MB/3.643MB
 9fa3a17171bc Downloading [===========>                                       ]   24.2MB/104.3MB
 fe0979840307 Extracting [==========================>                        ]   4.03MB/7.599MB
 f637881d1138 Extracting [============================================>      ]  3.211MB/3.643MB
 f637881d1138 Extracting [==================================================>]  3.643MB/3.643MB
 f637881d1138 Extracting [==================================================>]  3.643MB/3.643MB
 fe0979840307 Extracting [======================================>            ]    5.8MB/7.599MB
 9fa3a17171bc Downloading [===========>                                       ]  24.74MB/104.3MB
 f637881d1138 Pull complete 
 60c57c0072ef Extracting [==================================================>]     947B/947B
 60c57c0072ef Extracting [==================================================>]     947B/947B
 fc4343b4accd Downloading [>                                                  ]   2.32kB/173.2kB
 fc4343b4accd Verifying Checksum 
 fc4343b4accd Download complete 
 60c57c0072ef Pull complete 
 fc4343b4accd Extracting [=========>                                         ]  32.77kB/173.2kB
 fe0979840307 Extracting [===============================================>   ]  7.176MB/7.599MB
 fc4343b4accd Extracting [==================================================>]  173.2kB/173.2kB
 fe0979840307 Extracting [==================================================>]  7.599MB/7.599MB
 9fa3a17171bc Downloading [============>                                      ]  25.82MB/104.3MB
 fe0979840307 Pull complete 
 380e8aa8b1fd Downloading [>                                                  ]  10.53kB/1.003MB
 5541f4a1e9a3 Extracting [>                                                  ]  32.77kB/2.374MB
 fc4343b4accd Extracting [==================================================>]  173.2kB/173.2kB
 9fa3a17171bc Downloading [============>                                      ]  26.36MB/104.3MB
 5541f4a1e9a3 Extracting [================>                                  ]  786.4kB/2.374MB
 380e8aa8b1fd Downloading [================>                                  ]  323.6kB/1.003MB
 380e8aa8b1fd Verifying Checksum 
 380e8aa8b1fd Download complete 
 9fa3a17171bc Downloading [=============>                                     ]  27.43MB/104.3MB
 5541f4a1e9a3 Extracting [================================>                  ]   1.54MB/2.374MB
 5541f4a1e9a3 Extracting [==================================================>]  2.374MB/2.374MB
 fc4343b4accd Pull complete 
 380e8aa8b1fd Extracting [=>                                                 ]  32.77kB/1.003MB
 9fa3a17171bc Downloading [=============>                                     ]  29.05MB/104.3MB
 380e8aa8b1fd Extracting [==================================================>]  1.003MB/1.003MB
 380e8aa8b1fd Extracting [==================================================>]  1.003MB/1.003MB
 380e8aa8b1fd Pull complete 
 9fa3a17171bc Downloading [==============>                                    ]  30.67MB/104.3MB
 c70aae7b5e0d Downloading [>                                                  ]  124.7kB/12.41MB
 9fa3a17171bc Downloading [===============>                                   ]  31.74MB/104.3MB
 c70aae7b5e0d Downloading [===>                                               ]  786.4kB/12.41MB
 5541f4a1e9a3 Pull complete 
 f7900ae6286e Extracting [>                                                  ]  196.6kB/18.76MB
 9fa3a17171bc Downloading [===============>                                   ]  32.28MB/104.3MB
 232f7549c9b0 Downloading [==================================================>]     100B/100B
 232f7549c9b0 Download complete 
 c70aae7b5e0d Downloading [======>                                            ]    1.7MB/12.41MB
 f7900ae6286e Extracting [======>                                            ]  2.556MB/18.76MB
 c70aae7b5e0d Downloading [===========>                                       ]  2.879MB/12.41MB
 f7900ae6286e Extracting [===========>                                       ]  4.129MB/18.76MB
 9fa3a17171bc Downloading [===============>                                   ]  32.82MB/104.3MB
 c70aae7b5e0d Downloading [===============>                                   ]  3.801MB/12.41MB
 f7900ae6286e Extracting [=================>                                 ]  6.488MB/18.76MB
 c70aae7b5e0d Downloading [===================>                               ]  4.858MB/12.41MB
 f7900ae6286e Extracting [=====================>                             ]  8.061MB/18.76MB
 c70aae7b5e0d Downloading [=======================>                           ]  5.906MB/12.41MB
 f7900ae6286e Extracting [========================>                          ]  9.241MB/18.76MB
 9fa3a17171bc Downloading [===============>                                   ]  33.35MB/104.3MB
 c70aae7b5e0d Downloading [============================>                      ]  6.967MB/12.41MB
 f7900ae6286e Extracting [============================>                      ]  10.81MB/18.76MB
 c70aae7b5e0d Downloading [===============================>                   ]  7.889MB/12.41MB
 4f4fb700ef54 Downloading [==================================================>]      32B/32B
 4f4fb700ef54 Verifying Checksum 
 4f4fb700ef54 Download complete 
 f7900ae6286e Extracting [=================================>                 ]  12.39MB/18.76MB
 c70aae7b5e0d Downloading [====================================>              ]  8.942MB/12.41MB
 9fa3a17171bc Downloading [================>                                  ]  33.89MB/104.3MB
 f7900ae6286e Extracting [====================================>              ]  13.76MB/18.76MB
 c70aae7b5e0d Downloading [=======================================>           ]  9.859MB/12.41MB
 f7900ae6286e Extracting [=======================================>           ]  14.75MB/18.76MB
 c70aae7b5e0d Downloading [===========================================>       ]  10.78MB/12.41MB
 9fa3a17171bc Downloading [================>                                  ]  34.42MB/104.3MB
 f7900ae6286e Extracting [=========================================>         ]  15.73MB/18.76MB
 c70aae7b5e0d Downloading [==============================================>    ]  11.57MB/12.41MB
 9fa3a17171bc Downloading [================>                                  ]  34.96MB/104.3MB
 f7900ae6286e Extracting [============================================>      ]  16.52MB/18.76MB
 c70aae7b5e0d Downloading [=================================================> ]  12.35MB/12.41MB
 c70aae7b5e0d Verifying Checksum 
 c70aae7b5e0d Download complete 
 c70aae7b5e0d Extracting [>                                                  ]  131.1kB/12.41MB
 9fa3a17171bc Downloading [=================>                                 ]   35.5MB/104.3MB
 f7900ae6286e Extracting [==============================================>    ]   17.3MB/18.76MB
 c70aae7b5e0d Extracting [====>                                              ]   1.18MB/12.41MB
 d75b3becd998 Downloading [==================================================>]     577B/577B
 d75b3becd998 Verifying Checksum 
 d75b3becd998 Download complete 
 f7900ae6286e Extracting [===============================================>   ]  17.89MB/18.76MB
 9fa3a17171bc Downloading [=================>                                 ]  37.11MB/104.3MB
 c70aae7b5e0d Extracting [=========>                                         ]  2.359MB/12.41MB
 f7900ae6286e Extracting [=================================================> ]  18.48MB/18.76MB
 c70aae7b5e0d Extracting [===============>                                   ]  3.801MB/12.41MB
 f7900ae6286e Extracting [==================================================>]  18.76MB/18.76MB
 9fa3a17171bc Downloading [==================>                                ]  38.73MB/104.3MB
 c70aae7b5e0d Extracting [====================>                              ]  5.112MB/12.41MB
 f7900ae6286e Pull complete 
 64a815d19254 Extracting [==================================================>]     193B/193B
 64a815d19254 Extracting [==================================================>]     193B/193B
 64a815d19254 Pull complete 
 9fa3a17171bc Downloading [===================>                               ]  40.35MB/104.3MB
 5a8ebb2679b2 Extracting [==================================================>]     109B/109B
 5a8ebb2679b2 Extracting [==================================================>]     109B/109B
 5a8ebb2679b2 Pull complete 
 3fdf1da6c087 Extracting [==================================================>]     616B/616B
 3fdf1da6c087 Extracting [==================================================>]     616B/616B
 c70aae7b5e0d Extracting [==========================>                        ]  6.554MB/12.41MB
 3fdf1da6c087 Pull complete 
 3c428bdb4834 Extracting [==================================================>]     830B/830B
 3c428bdb4834 Extracting [==================================================>]     830B/830B
 3c428bdb4834 Pull complete 
 9ab46c560811 Extracting [>                                                  ]  163.8kB/13.71MB
 9fa3a17171bc Downloading [====================>                              ]  41.96MB/104.3MB
 c70aae7b5e0d Extracting [==============================>                    ]  7.602MB/12.41MB
 9ab46c560811 Extracting [==>                                                ]  819.2kB/13.71MB
 c70aae7b5e0d Extracting [====================================>              ]  9.175MB/12.41MB
 9fa3a17171bc Downloading [====================>                              ]  43.57MB/104.3MB
 9ab46c560811 Extracting [========>                                          ]  2.294MB/13.71MB
 c70aae7b5e0d Extracting [==========================================>        ]  10.62MB/12.41MB
 9fa3a17171bc Downloading [=====================>                             ]  45.18MB/104.3MB
 9ab46c560811 Extracting [===========>                                       ]  3.277MB/13.71MB
 c70aae7b5e0d Extracting [===============================================>   ]   11.8MB/12.41MB
 c70aae7b5e0d Extracting [==================================================>]  12.41MB/12.41MB
 9ab46c560811 Extracting [==============>                                    ]  4.096MB/13.71MB
 c70aae7b5e0d Pull complete 
 232f7549c9b0 Extracting [==================================================>]     100B/100B
 232f7549c9b0 Extracting [==================================================>]     100B/100B
 9fa3a17171bc Downloading [======================>                            ]  46.79MB/104.3MB
 232f7549c9b0 Pull complete 
 4f4fb700ef54 Extracting [==================================================>]      32B/32B
 4f4fb700ef54 Extracting [==================================================>]      32B/32B
 4f4fb700ef54 Pull complete 
 d75b3becd998 Extracting [==================================================>]     577B/577B
 d75b3becd998 Extracting [==================================================>]     577B/577B
 d75b3becd998 Pull complete 
 9ab46c560811 Extracting [=================>                                 ]  4.915MB/13.71MB
 redis Pulled 
 9fa3a17171bc Downloading [=======================>                           ]  48.41MB/104.3MB
 9ab46c560811 Extracting [====================>                              ]  5.734MB/13.71MB
 9fa3a17171bc Downloading [=======================>                           ]  50.03MB/104.3MB
 9ab46c560811 Extracting [=======================>                           ]   6.39MB/13.71MB
 9fa3a17171bc Downloading [========================>                          ]  51.65MB/104.3MB
 9ab46c560811 Extracting [=========================>                         ]  6.881MB/13.71MB
 9fa3a17171bc Downloading [=========================>                         ]  53.27MB/104.3MB
 9ab46c560811 Extracting [==========================>                        ]  7.209MB/13.71MB
 9fa3a17171bc Downloading [==========================>                        ]  54.89MB/104.3MB
 9ab46c560811 Extracting [==================================>                ]  9.339MB/13.71MB
 9ab46c560811 Extracting [=====================================>             ]  10.32MB/13.71MB
 9fa3a17171bc Downloading [===========================>                       ]   56.5MB/104.3MB
 9ab46c560811 Extracting [========================================>          ]  10.98MB/13.71MB
 9fa3a17171bc Downloading [===========================>                       ]  58.11MB/104.3MB
 9ab46c560811 Extracting [==========================================>        ]  11.63MB/13.71MB
 9fa3a17171bc Downloading [============================>                      ]  59.73MB/104.3MB
 9ab46c560811 Extracting [============================================>      ]  12.12MB/13.71MB
 9fa3a17171bc Downloading [=============================>                     ]  61.35MB/104.3MB
 9ab46c560811 Extracting [==============================================>    ]  12.78MB/13.71MB
 9fa3a17171bc Downloading [==============================>                    ]  62.97MB/104.3MB
 9ab46c560811 Extracting [================================================>  ]  13.43MB/13.71MB
 9ab46c560811 Extracting [==================================================>]  13.71MB/13.71MB
 9fa3a17171bc Downloading [==============================>                    ]  64.59MB/104.3MB
 9ab46c560811 Pull complete 
 rabbitmq Pulled 
 9fa3a17171bc Downloading [===============================>                   ]  66.21MB/104.3MB
 9fa3a17171bc Downloading [================================>                  ]  67.81MB/104.3MB
 9fa3a17171bc Downloading [=================================>                 ]  69.44MB/104.3MB
 9fa3a17171bc Downloading [==================================>                ]  71.04MB/104.3MB
 9fa3a17171bc Downloading [==================================>                ]  72.67MB/104.3MB
 9fa3a17171bc Downloading [===================================>               ]  74.29MB/104.3MB
 9fa3a17171bc Downloading [====================================>              ]  75.91MB/104.3MB
 9fa3a17171bc Downloading [====================================>              ]  76.99MB/104.3MB
 9fa3a17171bc Downloading [=====================================>             ]  78.61MB/104.3MB
 9fa3a17171bc Downloading [======================================>            ]  80.24MB/104.3MB
 9fa3a17171bc Downloading [=======================================>           ]  81.86MB/104.3MB
 9fa3a17171bc Downloading [========================================>          ]  83.48MB/104.3MB
 9fa3a17171bc Downloading [========================================>          ]   85.1MB/104.3MB
 9fa3a17171bc Downloading [=========================================>         ]  86.72MB/104.3MB
 9fa3a17171bc Downloading [==========================================>        ]  88.34MB/104.3MB
 9fa3a17171bc Downloading [===========================================>       ]  89.95MB/104.3MB
 9fa3a17171bc Downloading [===========================================>       ]  91.55MB/104.3MB
 9fa3a17171bc Downloading [============================================>      ]  93.18MB/104.3MB
 9fa3a17171bc Downloading [=============================================>     ]   94.8MB/104.3MB
 9fa3a17171bc Downloading [==============================================>    ]  96.42MB/104.3MB
 9fa3a17171bc Downloading [==============================================>    ]  98.04MB/104.3MB
 9fa3a17171bc Downloading [===============================================>   ]  99.66MB/104.3MB
 9fa3a17171bc Downloading [================================================>  ]  101.3MB/104.3MB
 9fa3a17171bc Downloading [=================================================> ]  102.9MB/104.3MB
 9fa3a17171bc Downloading [=================================================> ]    104MB/104.3MB
 9fa3a17171bc Verifying Checksum 
 9fa3a17171bc Download complete 
 9fa3a17171bc Extracting [>                                                  ]  557.1kB/104.3MB
 9fa3a17171bc Extracting [>                                                  ]  1.671MB/104.3MB
 9fa3a17171bc Extracting [=>                                                 ]  3.342MB/104.3MB
 9fa3a17171bc Extracting [==>                                                ]  6.128MB/104.3MB
 9fa3a17171bc Extracting [====>                                              ]  8.913MB/104.3MB
 9fa3a17171bc Extracting [=====>                                             ]  12.26MB/104.3MB
 9fa3a17171bc Extracting [=======>                                           ]   15.6MB/104.3MB
 9fa3a17171bc Extracting [=========>                                         ]  18.94MB/104.3MB
 9fa3a17171bc Extracting [==========>                                        ]  22.28MB/104.3MB
 9fa3a17171bc Extracting [============>                                      ]  25.62MB/104.3MB
 9fa3a17171bc Extracting [=============>                                     ]  28.41MB/104.3MB
 9fa3a17171bc Extracting [===============>                                   ]  31.75MB/104.3MB
 9fa3a17171bc Extracting [================>                                  ]  35.09MB/104.3MB
 9fa3a17171bc Extracting [==================>                                ]  37.88MB/104.3MB
 9fa3a17171bc Extracting [===================>                               ]  40.67MB/104.3MB
 9fa3a17171bc Extracting [=====================>                             ]  44.01MB/104.3MB
 9fa3a17171bc Extracting [======================>                            ]  47.35MB/104.3MB
 9fa3a17171bc Extracting [=======================>                           ]  49.58MB/104.3MB
 9fa3a17171bc Extracting [========================>                          ]  51.25MB/104.3MB
 9fa3a17171bc Extracting [=========================>                         ]  52.36MB/104.3MB
 9fa3a17171bc Extracting [=========================>                         ]  54.03MB/104.3MB
 9fa3a17171bc Extracting [==========================>                        ]  55.71MB/104.3MB
 9fa3a17171bc Extracting [===========================>                       ]  57.38MB/104.3MB
 9fa3a17171bc Extracting [============================>                      ]   59.6MB/104.3MB
 9fa3a17171bc Extracting [=============================>                     ]  61.83MB/104.3MB
 9fa3a17171bc Extracting [==============================>                    ]  64.62MB/104.3MB
 9fa3a17171bc Extracting [================================>                  ]   67.4MB/104.3MB
 9fa3a17171bc Extracting [=================================>                 ]  69.63MB/104.3MB
 9fa3a17171bc Extracting [==================================>                ]  72.97MB/104.3MB
 9fa3a17171bc Extracting [===================================>               ]  74.65MB/104.3MB
 9fa3a17171bc Extracting [====================================>              ]   75.2MB/104.3MB
 9fa3a17171bc Extracting [====================================>              ]  75.76MB/104.3MB
 9fa3a17171bc Extracting [=====================================>             ]  77.43MB/104.3MB
 9fa3a17171bc Extracting [=====================================>             ]   79.1MB/104.3MB
 9fa3a17171bc Extracting [======================================>            ]  81.33MB/104.3MB
 9fa3a17171bc Extracting [========================================>          ]  83.56MB/104.3MB
 9fa3a17171bc Extracting [========================================>          ]  85.23MB/104.3MB
 9fa3a17171bc Extracting [=========================================>         ]   86.9MB/104.3MB
 9fa3a17171bc Extracting [==========================================>        ]  89.69MB/104.3MB
 9fa3a17171bc Extracting [===========================================>       ]  91.36MB/104.3MB
 9fa3a17171bc Extracting [=============================================>     ]   94.7MB/104.3MB
 9fa3a17171bc Extracting [==============================================>    ]  97.48MB/104.3MB
 9fa3a17171bc Extracting [================================================>  ]  100.3MB/104.3MB
 9fa3a17171bc Extracting [=================================================> ]  102.5MB/104.3MB
 9fa3a17171bc Extracting [=================================================> ]  104.2MB/104.3MB
 9fa3a17171bc Extracting [==================================================>]  104.3MB/104.3MB
 9fa3a17171bc Pull complete 
 1de01a2b564f Extracting [==================================================>]  9.446kB/9.446kB
 1de01a2b564f Extracting [==================================================>]  9.446kB/9.446kB
 1de01a2b564f Pull complete 
 141979064465 Extracting [==================================================>]     129B/129B
 141979064465 Extracting [==================================================>]     129B/129B
 141979064465 Pull complete 
 86a96880bc80 Extracting [==================================================>]     168B/168B
 86a96880bc80 Extracting [==================================================>]     168B/168B
 86a96880bc80 Pull complete 
 c5fd49a04d70 Extracting [==================================================>]  5.839kB/5.839kB
 c5fd49a04d70 Extracting [==================================================>]  5.839kB/5.839kB
 c5fd49a04d70 Pull complete 
 9bb1b164157a Extracting [==================================================>]     183B/183B
 9bb1b164157a Extracting [==================================================>]     183B/183B
 9bb1b164157a Pull complete 
 postgres Pulled 
 Network competitive-intelligence_default  Creating
 Network competitive-intelligence_default  Created
 Volume "competitive-intelligence_postgres_data"  Creating
 Volume "competitive-intelligence_postgres_data"  Created
 Volume "competitive-intelligence_redis_data"  Creating
 Volume "competitive-intelligence_redis_data"  Created
 Volume "competitive-intelligence_rabbitmq_data"  Creating
 Volume "competitive-intelligence_rabbitmq_data"  Created
 Container ci-redis-dev  Creating
 Container ci-rabbit-dev  Creating
 Container ci-postgres-dev  Creating
 Container ci-rabbit-dev  Created
 Container ci-redis-dev  Created
 Container ci-postgres-dev  Created
 Container ci-redis-dev  Starting
 Container ci-rabbit-dev  Starting
 Container ci-postgres-dev  Starting
 Container ci-redis-dev  Started
 Container ci-postgres-dev  Started
 Container ci-rabbit-dev  Started
time="2025-12-23T00:39:59+02:00" level=warning msg="/root/git/competitive-intelligence/docker-compose.dev.yml: `version` is obsolete"
NAME            IMAGE                          COMMAND                  SERVICE    CREATED          STATUS                             PORTS
ci-rabbit-dev   rabbitmq:3-management-alpine   "docker-entrypoint.s…"   rabbitmq   13 seconds ago   Up 11 seconds (health: starting)   4369/tcp, 5671/tcp, 0.0.0.0:5672->5672/tcp, :::5672->5672/tcp, 15671/tcp, 15691-15692/tcp, 25672/tcp, 0.0.0.0:15672->15672/tcp, :::15672->15672/tcp
ci-redis-dev    redis:7-alpine                 "docker-entrypoint.s…"   redis      13 seconds ago   Up 11 seconds (healthy)            0.0.0.0:6379->6379/tcp, :::6379->6379/tcp
./start-ci-platform.sh: line 208: venv/bin/activate: No such file or directory
