time="2025-12-23T00:45:55+02:00" level=warning msg="/root/git/competitive-intelligence/docker-compose.dev.yml: `version` is obsolete"
 Network competitive-intelligence_default  Creating
 Network competitive-intelligence_default  Created
 Container ci-redis-dev  Creating
 Container ci-postgres-dev  Creating
 Container ci-rabbit-dev  Creating
 Container ci-postgres-dev  Created
 Container ci-rabbit-dev  Created
 Container ci-redis-dev  Created
 Container ci-rabbit-dev  Starting
 Container ci-postgres-dev  Starting
 Container ci-redis-dev  Starting
 Container ci-redis-dev  Started
 Container ci-postgres-dev  Started
 Container ci-rabbit-dev  Started
time="2025-12-23T00:46:06+02:00" level=warning msg="/root/git/competitive-intelligence/docker-compose.dev.yml: `version` is obsolete"
NAME            IMAGE                          COMMAND                  SERVICE    CREATED          STATUS                             PORTS
ci-rabbit-dev   rabbitmq:3-management-alpine   "docker-entrypoint.s…"   rabbitmq   11 seconds ago   Up 10 seconds (health: starting)   4369/tcp, 5671/tcp, 0.0.0.0:5672->5672/tcp, :::5672->5672/tcp, 15671/tcp, 15691-15692/tcp, 25672/tcp, 0.0.0.0:15672->15672/tcp, :::15672->15672/tcp
ci-redis-dev    redis:7-alpine                 "docker-entrypoint.s…"   redis      11 seconds ago   Up 10 seconds (healthy)            0.0.0.0:6379->6379/tcp, :::6379->6379/tcp
./start-ci-platform.sh: line 208: venv/bin/activate: No such file or directory
